빌드 시작: 2015-02-19 오후 10:21:24
     1>2 노드의 "C:\cocos2d-x-3.1\cocos2d-x-3.1\tools\cocos2d-console\bin\seungmani\cocos2d\cocos\2d\cocos2d.vcxproj" 프로젝트(Build 대상)입니다.
     1>ClCompile:
         C:\Program Files\VC\bin\CL.exe /c /I"C:\Program Files\Microsoft SDKs\Windows\v7.1A\include" /I"C:\cocos2d-x-3.1\cocos2d-x-3.1\tools\cocos2d-console\bin\seungmani\cocos2d\cocos\2d\..\..\external\sqlite3\include" /I"C:\cocos2d-x-3.1\cocos2d-x-3.1\tools\cocos2d-console\bin\seungmani\cocos2d\cocos\2d\..\..\external\unzip" /I"C:\cocos2d-x-3.1\cocos2d-x-3.1\tools\cocos2d-console\bin\seungmani\cocos2d\cocos\2d\..\..\external\edtaa3func" /I"C:\cocos2d-x-3.1\cocos2d-x-3.1\tools\cocos2d-console\bin\seungmani\cocos2d\cocos\2d\..\..\external\tinyxml2" /I"C:\cocos2d-x-3.1\cocos2d-x-3.1\tools\cocos2d-console\bin\seungmani\cocos2d\cocos\2d\..\..\external\png\include\win32" /I"C:\cocos2d-x-3.1\cocos2d-x-3.1\tools\cocos2d-console\bin\seungmani\cocos2d\cocos\2d\..\..\external\jpeg\include\win32" /I"C:\cocos2d-x-3.1\cocos2d-x-3.1\tools\cocos2d-console\bin\seungmani\cocos2d\cocos\2d\..\..\external\tiff\include\win32" /I"C:\cocos2d-x-3.1\cocos2d-x-3.1\tools\cocos2d-console\bin\seungmani\cocos2d\cocos\2d\..\..\external\webp\include\win32" /I"C:\cocos2d-x-3.1\cocos2d-x-3.1\tools\cocos2d-console\bin\seungmani\cocos2d\cocos\2d\..\..\external\freetype2\include\win32" /I"C:\cocos2d-x-3.1\cocos2d-x-3.1\tools\cocos2d-console\bin\seungmani\cocos2d\cocos\2d\..\..\external\win32-specific\icon\include" /I"C:\cocos2d-x-3.1\cocos2d-x-3.1\tools\cocos2d-console\bin\seungmani\cocos2d\cocos\2d\..\..\external\win32-specific\zlib\include" /I"C:\cocos2d-x-3.1\cocos2d-x-3.1\tools\cocos2d-console\bin\seungmani\cocos2d\cocos\2d\..\..\external\chipmunk\include\chipmunk" /I"C:\cocos2d-x-3.1\cocos2d-x-3.1\tools\cocos2d-console\bin\seungmani\cocos2d\cocos\2d\..\..\external\xxhash" /I"C:\cocos2d-x-3.1\cocos2d-x-3.1\tools\cocos2d-console\bin\seungmani\cocos2d\cocos\2d\..\..\external\ConvertUTF" /I"C:\cocos2d-x-3.1\cocos2d-x-3.1\tools\cocos2d-console\bin\seungmani\cocos2d\cocos\2d\..\..\external" /I"C:\cocos2d-x-3.1\cocos2d-x-3.1\tools\cocos2d-console\bin\seungmani\cocos2d\cocos\2d\..\..\cocos" /I"C:\cocos2d-x-3.1\cocos2d-x-3.1\tools\cocos2d-console\bin\seungmani\cocos2d\cocos\2d\..\..\cocos\platform\win32" /I"C:\cocos2d-x-3.1\cocos2d-x-3.1\tools\cocos2d-console\bin\seungmani\cocos2d\cocos\2d\..\..\cocos\platform\desktop" /I"C:\cocos2d-x-3.1\cocos2d-x-3.1\tools\cocos2d-console\bin\seungmani\cocos2d\cocos\2d\..\..\external\glfw3\include\win32" /I"C:\cocos2d-x-3.1\cocos2d-x-3.1\tools\cocos2d-console\bin\seungmani\cocos2d\cocos\2d\..\..\external\win32-specific\gles\include\OGLES" /Z7 /nologo /W3 /WX- /MP /Od /Oy- /D WIN32 /D _DEBUG /D _WINDOWS /D _LIB /D COCOS2DXWIN32_EXPORTS /D GL_GLEXT_PROTOTYPES /D COCOS2D_DEBUG=1 /D _CRT_SECURE_NO_WARNINGS /D _SCL_SECURE_NO_WARNINGS /D _VARIADIC_MAX=10 /D _USING_V110_SDK71_ /D _UNICODE /D UNICODE /Gm- /EHsc /RTC1 /MDd /GS /fp:precise /Zc:wchar_t /Zc:forScope /Fo"Debug.win32\\" /Fd"Debug.win32\vc120.pdb" /Gd /TP /wd4267 /wd4251 /wd4244 /analyze- /errorReport:prompt CCMenuItem.cpp
         CCMenuItem.cpp
     1>C:\cocos2d-x-3.1\cocos2d-x-3.1\tools\cocos2d-console\bin\seungmani\cocos2d\cocos\physics/CCPhysicsBody.h : warning C4819: 현재 코드 페이지(949)에서 표시할 수 없는 문자가 파일에 들어 있습니다. 데이터가 손실되지 않게 하려면 해당 파일을 유니코드 형식으로 저장하십시오.
     1>C:\cocos2d-x-3.1\cocos2d-x-3.1\tools\cocos2d-console\bin\seungmani\cocos2d\cocos\physics/CCPhysicsShape.h : warning C4819: 현재 코드 페이지(949)에서 표시할 수 없는 문자가 파일에 들어 있습니다. 데이터가 손실되지 않게 하려면 해당 파일을 유니코드 형식으로 저장하십시오.
       PreLinkEvent:
         if not exist "C:\cocos2d-x-3.1\cocos2d-x-3.1\tools\cocos2d-console\bin\seungmani\proj.win32\Debug.win32\" mkdir "C:\cocos2d-x-3.1\cocos2d-x-3.1\tools\cocos2d-console\bin\seungmani\proj.win32\Debug.win32\"
         xcopy /Y /Q "C:\cocos2d-x-3.1\cocos2d-x-3.1\tools\cocos2d-console\bin\seungmani\cocos2d\cocos\2d\..\..\external\freetype2\prebuilt\win32\*.*" "C:\cocos2d-x-3.1\cocos2d-x-3.1\tools\cocos2d-console\bin\seungmani\proj.win32\Debug.win32\"
         xcopy /Y /Q "C:\cocos2d-x-3.1\cocos2d-x-3.1\tools\cocos2d-console\bin\seungmani\cocos2d\cocos\2d\..\..\external\glfw3\prebuilt\win32\*.*" "C:\cocos2d-x-3.1\cocos2d-x-3.1\tools\cocos2d-console\bin\seungmani\proj.win32\Debug.win32\"
         xcopy /Y /Q "C:\cocos2d-x-3.1\cocos2d-x-3.1\tools\cocos2d-console\bin\seungmani\cocos2d\cocos\2d\..\..\external\curl\prebuilt\win32\*.*" "C:\cocos2d-x-3.1\cocos2d-x-3.1\tools\cocos2d-console\bin\seungmani\proj.win32\Debug.win32\"
         xcopy /Y /Q "C:\cocos2d-x-3.1\cocos2d-x-3.1\tools\cocos2d-console\bin\seungmani\cocos2d\cocos\2d\..\..\external\jpeg\prebuilt\win32\*.*" "C:\cocos2d-x-3.1\cocos2d-x-3.1\tools\cocos2d-console\bin\seungmani\proj.win32\Debug.win32\"
         xcopy /Y /Q "C:\cocos2d-x-3.1\cocos2d-x-3.1\tools\cocos2d-console\bin\seungmani\cocos2d\cocos\2d\..\..\external\png\prebuilt\win32\*.*" "C:\cocos2d-x-3.1\cocos2d-x-3.1\tools\cocos2d-console\bin\seungmani\proj.win32\Debug.win32\"
         xcopy /Y /Q "C:\cocos2d-x-3.1\cocos2d-x-3.1\tools\cocos2d-console\bin\seungmani\cocos2d\cocos\2d\..\..\external\tiff\prebuilt\win32\*.*" "C:\cocos2d-x-3.1\cocos2d-x-3.1\tools\cocos2d-console\bin\seungmani\proj.win32\Debug.win32\"
         xcopy /Y /Q "C:\cocos2d-x-3.1\cocos2d-x-3.1\tools\cocos2d-console\bin\seungmani\cocos2d\cocos\2d\..\..\external\webp\prebuilt\win32\*.*" "C:\cocos2d-x-3.1\cocos2d-x-3.1\tools\cocos2d-console\bin\seungmani\proj.win32\Debug.win32\"
         xcopy /Y /Q "C:\cocos2d-x-3.1\cocos2d-x-3.1\tools\cocos2d-console\bin\seungmani\cocos2d\cocos\2d\..\..\external\websockets\prebuilt\win32\*.*" "C:\cocos2d-x-3.1\cocos2d-x-3.1\tools\cocos2d-console\bin\seungmani\proj.win32\Debug.win32\"
         xcopy /Y /Q "C:\cocos2d-x-3.1\cocos2d-x-3.1\tools\cocos2d-console\bin\seungmani\cocos2d\cocos\2d\..\..\external\win32-specific\zlib\prebuilt\*.*" "C:\cocos2d-x-3.1\cocos2d-x-3.1\tools\cocos2d-console\bin\seungmani\proj.win32\Debug.win32\"
         xcopy /Y /Q "C:\cocos2d-x-3.1\cocos2d-x-3.1\tools\cocos2d-console\bin\seungmani\cocos2d\cocos\2d\..\..\external\win32-specific\icon\prebuilt\*.*" "C:\cocos2d-x-3.1\cocos2d-x-3.1\tools\cocos2d-console\bin\seungmani\proj.win32\Debug.win32\"
         xcopy /Y /Q "C:\cocos2d-x-3.1\cocos2d-x-3.1\tools\cocos2d-console\bin\seungmani\cocos2d\cocos\2d\..\..\external\win32-specific\gles\prebuilt\*.*" "C:\cocos2d-x-3.1\cocos2d-x-3.1\tools\cocos2d-console\bin\seungmani\proj.win32\Debug.win32\"
         
         :VCEnd
         1개 파일이 복사되었습니다.
         1개 파일이 복사되었습니다.
         2개 파일이 복사되었습니다.
         1개 파일이 복사되었습니다.
         1개 파일이 복사되었습니다.
         2개 파일이 복사되었습니다.
         1개 파일이 복사되었습니다.
         2개 파일이 복사되었습니다.
         2개 파일이 복사되었습니다.
         2개 파일이 복사되었습니다.
         2개 파일이 복사되었습니다.
       Lib:
         C:\Program Files\VC\bin\Lib.exe /OUT:"C:\cocos2d-x-3.1\cocos2d-x-3.1\tools\cocos2d-console\bin\seungmani\proj.win32\Debug.win32\libcocos2d.lib" /NOLOGO Debug.win32\ConvertUTF.obj
         Debug.win32\ConvertUTFWrapper.obj
         Debug.win32\edtaa3func.obj
         Debug.win32\tinyxml2.obj
         Debug.win32\ioapi.obj
         Debug.win32\unzip.obj
         Debug.win32\xxhash.obj
         Debug.win32\CCAnimate3D.obj
         Debug.win32\CCAnimation3D.obj
         Debug.win32\CCBundle3D.obj
         Debug.win32\CCBundleReader.obj
         Debug.win32\CCMesh.obj
         Debug.win32\CCMeshSkin.obj
         Debug.win32\CCObjLoader.obj
         Debug.win32\CCSprite3D.obj
         Debug.win32\CCSprite3DMaterial.obj
         Debug.win32\atitc.obj
         Debug.win32\base64.obj
         Debug.win32\CCAutoreleasePool.obj
         Debug.win32\ccCArray.obj
         Debug.win32\CCConfiguration.obj
         Debug.win32\CCConsole.obj
         Debug.win32\CCData.obj
         Debug.win32\CCDataVisitor.obj
         Debug.win32\CCDirector.obj
         Debug.win32\CCEvent.obj
         Debug.win32\CCEventAcceleration.obj
         Debug.win32\CCEventCustom.obj
         Debug.win32\CCEventDispatcher.obj
         Debug.win32\CCEventFocus.obj
         Debug.win32\CCEventKeyboard.obj
         Debug.win32\CCEventListener.obj
         Debug.win32\CCEventListenerAcceleration.obj
         Debug.win32\CCEventListenerCustom.obj
         Debug.win32\CCEventListenerFocus.obj
         Debug.win32\CCEventListenerKeyboard.obj
         Debug.win32\CCEventListenerMouse.obj
         Debug.win32\CCEventListenerTouch.obj
         Debug.win32\CCEventMouse.obj
         Debug.win32\CCEventTouch.obj
         Debug.win32\ccFPSImages.obj
         Debug.win32\CCIMEDispatcher.obj
         Debug.win32\CCNS.obj
         Debug.win32\CCProfiling.obj
         Debug.win32\CCRef.obj
         Debug.win32\CCScheduler.obj
         Debug.win32\CCScriptSupport.obj
         Debug.win32\CCTouch.obj
         Debug.win32\ccTypes.obj
         Debug.win32\CCUserDefault.obj
         Debug.win32\ccUTF8.obj
         Debug.win32\ccUtils.obj
         Debug.win32\CCValue.obj
         Debug.win32\etc1.obj
         Debug.win32\ObjectFactory.obj
         Debug.win32\s3tc.obj
         Debug.win32\TGAlib.obj
         Debug.win32\ZipUtils.obj
         Debug.win32\cocos2d.obj
         Debug.win32\CCArray.obj
         Debug.win32\CCDeprecated.obj
         Debug.win32\CCDictionary.obj
         Debug.win32\CCNotificationCenter.obj
         Debug.win32\CCSet.obj
         Debug.win32\CCString.obj
         Debug.win32\CCAffineTransform.obj
         Debug.win32\CCGeometry.obj
         Debug.win32\CCVertex.obj
         Debug.win32\Mat4.obj
         Debug.win32\MathUtil.obj
         Debug.win32\Quaternion.obj
         Debug.win32\TransformUtils.obj
         Debug.win32\Vec2.obj
         Debug.win32\Vec3.obj
         Debug.win32\Vec4.obj
         Debug.win32\CCPhysicsBody.obj
         Debug.win32\CCPhysicsContact.obj
         Debug.win32\CCPhysicsJoint.obj
         Debug.win32\CCPhysicsShape.obj
         Debug.win32\CCPhysicsWorld.obj
         Debug.win32\CCPhysicsBodyInfo_chipmunk.obj
         Debug.win32\CCPhysicsContactInfo_chipmunk.obj
         Debug.win32\CCPhysicsJointInfo_chipmunk.obj
         Debug.win32\CCPhysicsShapeInfo_chipmunk.obj
         Debug.win32\CCPhysicsWorldInfo_chipmunk.obj
         Debug.win32\CCFileUtils.obj
         Debug.win32\CCGLViewProtocol.obj
         Debug.win32\CCImage.obj
         Debug.win32\CCSAXParser.obj
         Debug.win32\CCThread.obj
         Debug.win32\CCGLView.obj
         Debug.win32\CCApplication.obj
         Debug.win32\CCCommon.obj
         Debug.win32\CCDevice.obj
         Debug.win32\CCFileUtilsWin32.obj
         Debug.win32\CCStdC.obj
         Debug.win32\CCBatchCommand.obj
         Debug.win32\CCCustomCommand.obj
         Debug.win32\CCGLProgram.obj
         Debug.win32\CCGLProgramCache.obj
         Debug.win32\CCGLProgramState.obj
         Debug.win32\CCGLProgramStateCache.obj
         Debug.win32\ccGLStateCache.obj
         Debug.win32\CCGroupCommand.obj
         Debug.win32\CCMeshCommand.obj
         Debug.win32\CCQuadCommand.obj
         Debug.win32\CCRenderCommand.obj
         Debug.win32\CCRenderer.obj
         Debug.win32\ccShaders.obj
         Debug.win32\CCTexture2D.obj
         Debug.win32\CCTextureAtlas.obj
         Debug.win32\CCTextureCache.obj
         Debug.win32\CCAction.obj
         Debug.win32\CCActionCamera.obj
         Debug.win32\CCActionCatmullRom.obj
         Debug.win32\CCActionEase.obj
         Debug.win32\CCActionGrid.obj
         Debug.win32\CCActionGrid3D.obj
         Debug.win32\CCActionInstant.obj
         Debug.win32\CCActionInterval.obj
         Debug.win32\CCActionManager.obj
         Debug.win32\CCActionPageTurn3D.obj
         Debug.win32\CCActionProgressTimer.obj
         Debug.win32\CCActionTiledGrid.obj
         Debug.win32\CCActionTween.obj
         Debug.win32\CCAnimation.obj
         Debug.win32\CCAnimationCache.obj
         Debug.win32\CCAtlasNode.obj
         Debug.win32\CCClippingNode.obj
         Debug.win32\CCComponent.obj
         Debug.win32\CCComponentContainer.obj
         Debug.win32\CCDrawingPrimitives.obj
         Debug.win32\CCDrawNode.obj
         Debug.win32\CCFastTMXLayer.obj
         Debug.win32\CCFastTMXTiledMap.obj
         Debug.win32\CCFont.obj
         Debug.win32\CCFontAtlas.obj
         Debug.win32\CCFontAtlasCache.obj
         Debug.win32\CCFontCharMap.obj
         Debug.win32\CCFontFNT.obj
         Debug.win32\CCFontFreeType.obj
         Debug.win32\CCGLBufferedNode.obj
         Debug.win32\CCGrabber.obj
         Debug.win32\CCGrid.obj
         Debug.win32\CCLabel.obj
         Debug.win32\CCLabelAtlas.obj
         Debug.win32\CCLabelBMFont.obj
         Debug.win32\CCLabelTextFormatter.obj
         Debug.win32\CCLabelTTF.obj
         Debug.win32\CCLayer.obj
         Debug.win32\CCMenu.obj
         Debug.win32\CCMenuItem.obj
         Debug.win32\CCMotionStreak.obj
         Debug.win32\CCNode.obj
         Debug.win32\CCNodeGrid.obj
         Debug.win32\CCParallaxNode.obj
         Debug.win32\CCParticleBatchNode.obj
         Debug.win32\CCParticleExamples.obj
         Debug.win32\CCParticleSystem.obj
         Debug.win32\CCParticleSystemQuad.obj
         Debug.win32\CCProgressTimer.obj
         Debug.win32\CCRenderTexture.obj
         Debug.win32\CCScene.obj
         Debug.win32\CCSprite.obj
         Debug.win32\CCSpriteBatchNode.obj
         Debug.win32\CCSpriteFrame.obj
         Debug.win32\CCSpriteFrameCache.obj
         Debug.win32\CCTextFieldTTF.obj
         Debug.win32\CCTileMapAtlas.obj
         Debug.win32\CCTMXLayer.obj
         Debug.win32\CCTMXObjectGroup.obj
         Debug.win32\CCTMXTiledMap.obj
         Debug.win32\CCTMXXMLParser.obj
         Debug.win32\CCTransition.obj
         Debug.win32\CCTransitionPageTurn.obj
         Debug.win32\CCTransitionProgress.obj
         Debug.win32\CCTweenFunction.obj
         cocos2d.vcxproj -> C:\cocos2d-x-3.1\cocos2d-x-3.1\tools\cocos2d-console\bin\seungmani\proj.win32\Debug.win32\libcocos2d.lib
     1>"C:\cocos2d-x-3.1\cocos2d-x-3.1\tools\cocos2d-console\bin\seungmani\cocos2d\cocos\2d\cocos2d.vcxproj" 프로젝트를 빌드했습니다(Build 대상).

빌드했습니다.

경과 시간: 00:00:17.68
